Flutter crash report; please file at https://github.com/flutter/flutter/issues.

## command

flutter run

## exception

String: Exit code 1 from: /home/shivam/Android/Sdk/build-tools/28.0.3/aapt dump xmltree /home/shivam/AndroidStudioProjects/hsm/build/app/outputs/apk/app.apk AndroidManifest.xml

```
#0      _runWithLoggingSync (package:flutter_tools/src/base/process.dart:352:7)
#1      runCheckedSync (package:flutter_tools/src/base/process.dart:283:10)
#2      new AndroidApk.fromApk (package:flutter_tools/src/application_package.dart:103:27)
#3      AndroidApk.fromAndroidProject (package:flutter_tools/src/application_package.dart:141:27)
<asynchronous suspension>
#4      ApplicationPackageFactory.getPackageForPlatform (package:flutter_tools/src/application_package.dart:37:32)
<asynchronous suspension>
#5      FlutterDevice.runHot (package:flutter_tools/src/resident_runner.dart:288:56)
<asynchronous suspension>
#6      HotRunner.run (package:flutter_tools/src/run_hot.dart:295:39)
<asynchronous suspension>
#7      RunCommand.runCommand (package:flutter_tools/src/commands/run.dart:405:37)
<asynchronous suspension>
#8      FlutterCommand.verifyThenRunCommand (package:flutter_tools/src/runner/flutter_command.dart:545:18)
#9      _asyncThenWrapperHelper.<anonymous closure> (dart:async/runtime/libasync_patch.dart:77:64)
#10     _rootRunUnary (dart:async/zone.dart:1132:38)
#11     _CustomZone.runUnary (dart:async/zone.dart:1029:19)
#12     _FutureListener.handleValue (dart:async/future_impl.dart:126:18)
#13     Future._propagateToListeners.handleValueCallback (dart:async/future_impl.dart:639:45)
#14     Future._propagateToListeners (dart:async/future_impl.dart:668:32)
#15     Future._complete (dart:async/future_impl.dart:473:7)
#16     _SyncCompleter.complete (dart:async/future_impl.dart:51:12)
#17     _AsyncAwaitCompleter.complete (dart:async/runtime/libasync_patch.dart:28:18)
#18     _completeOnAsyncReturn (dart:async/runtime/libasync_patch.dart:294:13)
#19     RunCommand.usageValues (package:flutter_tools/src/commands/run.dart)
#20     _asyncThenWrapperHelper.<anonymous closure> (dart:async/runtime/libasync_patch.dart:77:64)
#21     _rootRunUnary (dart:async/zone.dart:1132:38)
#22     _CustomZone.runUnary (dart:async/zone.dart:1029:19)
#23     _FutureListener.handleValue (dart:async/future_impl.dart:126:18)
#24     Future._propagateToListeners.handleValueCallback (dart:async/future_impl.dart:639:45)
#25     Future._propagateToListeners (dart:async/future_impl.dart:668:32)
#26     Future._complete (dart:async/future_impl.dart:473:7)
#27     _SyncCompleter.complete (dart:async/future_impl.dart:51:12)
#28     _AsyncAwaitCompleter.complete (dart:async/runtime/libasync_patch.dart:28:18)
#29     _completeOnAsyncReturn (dart:async/runtime/libasync_patch.dart:294:13)
#30     AndroidDevice.targetPlatform (package:flutter_tools/src/android/android_device.dart)
#31     _asyncThenWrapperHelper.<anonymous closure> (dart:async/runtime/libasync_patch.dart:77:64)
#32     _rootRunUnary (dart:async/zone.dart:1132:38)
#33     _CustomZone.runUnary (dart:async/zone.dart:1029:19)
#34     _FutureListener.handleValue (dart:async/future_impl.dart:126:18)
#35     Future._propagateToListeners.handleValueCallback (dart:async/future_impl.dart:639:45)
#36     Future._propagateToListeners (dart:async/future_impl.dart:668:32)
#37     Future._complete (dart:async/future_impl.dart:473:7)
#38     _SyncCompleter.complete (dart:async/future_impl.dart:51:12)
#39     _AsyncAwaitCompleter.complete.<anonymous closure> (dart:async/runtime/libasync_patch.dart:33:20)
#40     _rootRun (dart:async/zone.dart:1124:13)
#41     _CustomZone.run (dart:async/zone.dart:1021:19)
#42     _CustomZone.bindCallback.<anonymous closure> (dart:async/zone.dart:947:23)
#43     _microtaskLoop (dart:async/schedule_microtask.dart:41:21)
#44     _startMicrotaskLoop (dart:async/schedule_microtask.dart:50:5)
#45     _runPendingImmediateCallback (dart:isolate/runtime/libisolate_patch.dart:115:13)
#46     _RawReceivePortImpl._handleMessage (dart:isolate/runtime/libisolate_patch.dart:172:5)
```

## flutter doctor

```
[32m[✓][39m Flutter (Channel stable, v1.2.1, on Linux, locale en_GB.UTF-8)
    [32m•[39m Flutter version 1.2.1 at /PATHS/flutter
    [32m•[39m Framework revision 8661d8aecd (9 weeks ago), 2019-02-14 19:19:53 -0800
    [32m•[39m Engine revision 3757390fa4
    [32m•[39m Dart version 2.1.2 (build 2.1.2-dev.0.0 0a7dcf17eb)

[32m[✓][39m Android toolchain - develop for Android devices (Android SDK version 28.0.3)
    [32m•[39m Android SDK at /home/shivam/Android/Sdk
    [32m•[39m Android NDK location not configured (optional; useful for native profiling support)
    [32m•[39m Platform android-28, build-tools 28.0.3
    [32m•[39m Java binary at: /snap/android-studio/73/android-studio/jre/bin/java
    [32m•[39m Java version OpenJDK Runtime Environment (build 1.8.0_152-release-1248-b01)
    [32m•[39m All Android licenses accepted.

[32m[✓][39m Android Studio (version 3.3)
    [32m•[39m Android Studio at /snap/android-studio/73/android-studio
    [32m•[39m Flutter plugin version 33.4.1
    [32m•[39m Dart plugin version 182.5215
    [32m•[39m Java version OpenJDK Runtime Environment (build 1.8.0_152-release-1248-b01)

[32m[✓][39m Connected device (1 available)
    [32m•[39m SM A720F • 330029843f0a4343 • android-arm • Android 7.0 (API 24)

[32m•[39m No issues found!
```
